[12938:1205/155250:INFO:CONSOLE(14)] ""Database path: /home/czarlos/.config/Popcorn-Time"", source: app://host/src/app/database.js (14)
[12938:1205/155250:INFO:CONSOLE(44)] ""[%cINFO%c] Loading DB" "color: blue;" "color: black;"", source: app://host/src/app/app.js (44)
ATTENTION: default value of option force_s3tc_enable overridden by environment.
[12982:1205/155250:ERROR:sandbox_linux.cc(142)] InitializeSandbox() called with multiple threads in process gpu-process
[12938:1205/155250:INFO:CONSOLE(39)] ""%c[%cDEBUG%c] %cgetSettings() fired" "color: black;" "color: green;" "color: black;" "color: blue;"", source: app://host/src/app/app.js (39)
[12938:1205/155251:INFO:CONSOLE(39)] ""%c[%cDEBUG%c] %cTesting if we should check for update..." "color: black;" "color: green;" "color: black;" "color: blue;" true", source: app://host/src/app/app.js (39)
[12938:1205/155251:INFO:CONSOLE(44)] ""[%cINFO%c] Request to YTS API" "color: blue;" "color: black;"", source: app://host/src/app/app.js (44)
[12938:1205/155251:INFO:CONSOLE(39)] ""%c[%cDEBUG%c] %chttps://yts.re/api/list.json?sort=seeds&limit=50&genre=All&order=desc&set=1" "color: black;" "color: green;" "color: black;" "color: blue;"", source: app://host/src/app/app.js (39)
[12938:1205/155251:INFO:CONSOLE(39)] ""%c[%cDEBUG%c] %cTesting if we should install update..." "color: black;" "color: green;" "color: black;" "color: blue;" true", source: app://host/src/app/app.js (39)
[12938:1205/155252:INFO:CONSOLE(44)] ""[%cINFO%c] 0 cached subtitle" "color: blue;" "color: black;"", source: app://host/src/app/app.js (44)
[12938:1205/155252:INFO:CONSOLE(39)] ""%c[%cDEBUG%c] %cLoaded 42 items from the metadata cache!" "color: black;" "color: green;" "color: black;" "color: blue;"", source: app://host/src/app/app.js (39)
[12938:1205/155252:INFO:CONSOLE(39)] ""%c[%cDEBUG%c] %cStored 0 items in the metadata cache!" "color: black;" "color: green;" "color: black;" "color: blue;"", source: app://host/src/app/app.js (39)
[12938:1205/155253:INFO:CONSOLE(44)] ""[%cINFO%c] Cache 42 subtitle" "color: blue;" "color: black;"", source: app://host/src/app/app.js (44)
[12938:1205/155253:INFO:CONSOLE(44)] ""[%cINFO%c] Request to EZTV API" "color: blue;" "color: black;"", source: app://host/src/app/app.js (44)
[12938:1205/155253:INFO:CONSOLE(39)] ""%c[%cDEBUG%c] %chttp://eztvapi.re/shows/1?sort=seeds&limit=50&genre=All&order=-1" "color: black;" "color: green;" "color: black;" "color: blue;"", source: app://host/src/app/app.js (39)
[12938:1205/155256:INFO:CONSOLE(549)] ""%s - %s" "5 Dec 15:52:56" "uncaughtException: 439f98779ad34ecaa99ae9e327f6ce18"", source: util.js (549)
[12938:1205/155256:INFO:CONSOLE(291)] "{"stack":"Error: ENOENT, rename '/home/czarlos/Applications/Popcorn-Time/package.nw'","errno":-2,"code":"ENOENT","path":"/home/czarlos/Applications/Popcorn-Time/package.nw"} "Error: ENOENT, rename '/home/czarlos/Applications/Popcorn-Time/package.nw'"", source: app://host/src/app/app.js (291)
[12938:1205/155256:INFO:CONSOLE(192)] "Uncaught Error: ENOENT, rename '/home/czarlos/Applications/Popcorn-Time/package.nw'", source: app://host/src/app/updater.js (192)
[12938:1205/155307:INFO:CONSOLE(44)] ""[%cINFO%c] Request to EZTV API" "color: blue;" "color: black;"", source: app://host/src/app/app.js (44)
[12938:1205/155307:INFO:CONSOLE(39)] ""%c[%cDEBUG%c] %chttp://eztvapi.re/shows/2?sort=seeds&limit=50&genre=All&order=-1" "color: black;" "color: green;" "color: black;" "color: blue;"", source: app://host/src/app/app.js (39)
[12938:1205/155313:INFO:CONSOLE(44)] ""[%cINFO%c] Request to EZTV API" "color: blue;" "color: black;"", source: app://host/src/app/app.js (44)
[12938:1205/155313:INFO:CONSOLE(39)] ""%c[%cDEBUG%c] %chttp://eztvapi.re/shows/3?sort=seeds&limit=50&genre=All&order=-1" "color: black;" "color: green;" "color: black;" "color: blue;"", source: app://host/src/app/app.js (39)
[12938:1205/155317:INFO:CONSOLE(44)] ""[%cINFO%c] Request to EZTV API" "color: blue;" "color: black;"", source: app://host/src/app/app.js (44)
[12938:1205/155317:INFO:CONSOLE(39)] ""%c[%cDEBUG%c] %chttp://eztvapi.re/shows/4?sort=seeds&limit=50&genre=All&order=-1" "color: black;" "color: green;" "color: black;" "color: blue;"", source: app://host/src/app/app.js (39)
[12938:1205/155334:INFO:CONSOLE(44)] ""[%cINFO%c] Request to EZTV API" "color: blue;" "color: black;"", source: app://host/src/app/app.js (44)
[12938:1205/155334:INFO:CONSOLE(39)] ""%c[%cDEBUG%c] %chttp://eztvapi.re/show/tt0182576" "color: black;" "color: green;" "color: black;" "color: blue;"", source: app://host/src/app/app.js (39)
[12938:1205/155344:INFO:CONSOLE(44)] ""[%cINFO%c] Loading torrent" "color: blue;" "color: black;"", source: app://host/src/app/app.js (44)
[12938:1205/155344:INFO:CONSOLE(39)] ""%c[%cDEBUG%c] %cSubtitle data request:" "color: black;" "color: green;" "color: black;" "color: blue;" {"type":"tvshow","imdbid":"tt0182576","tvdbid":"75978","season":"13","episode":"5","filename":"Family.Guy.S13E05.720p.HDTV.x264-KILLERS","keywords":[]}", source: app://host/src/app/app.js (39)
[12938:1205/155344:INFO:CONSOLE(39)] ""%c[%cDEBUG%c] %cStreaming movie to %s" "color: black;" "color: green;" "color: black;" "color: blue;" "/tmp/Popcorn-Time/96741d96cfa8d64efc7e72a808ac667532e5acff"", source: app://host/src/app/app.js (39)
[12938:1205/155345:INFO:CONSOLE(44)] ""[%cINFO%c] Loading torrent:" "color: blue;" "color: black;" "startingDownload"", source: app://host/src/app/app.js (44)
[12938:1205/155346:INFO:CONSOLE(44)] ""[%cINFO%c] 10 subtitles found" "color: blue;" "color: black;"", source: app://host/src/app/app.js (44)
[12938:1205/155346:INFO:CONSOLE(44)] ""[%cINFO%c] Loading torrent:" "color: blue;" "color: black;" "downloading"", source: app://host/src/app/app.js (44)
[12938:1205/155351:INFO:CONSOLE(44)] ""[%cINFO%c] Loading torrent:" "color: blue;" "color: black;" "ready"", source: app://host/src/app/app.js (44)
[12938:1205/155351:INFO:CONSOLE(242)] "", source: app://host/src/app/lib/views/main_window.js (242)
[12938:1205/155351:INFO:CONSOLE(44)] ""[%cINFO%c] Watching:" "color: blue;" "color: black;" "Family Guy - Season 13, Episode 5 - Turkey Guys"", source: app://host/src/app/app.js (44)
[12938:1205/155351:ERROR:audio_manager_base.cc(422)] Not implemented reached in virtual std::string media::AudioManagerBase::GetDefaultOutputDeviceID()
[12938:1205/155351:ERROR:audio_manager_base.cc(422)] Not implemented reached in virtual std::string media::AudioManagerBase::GetDefaultOutputDeviceID()
[12938:1205/155351:INFO:CONSOLE(39)] ""%c[%cDEBUG%c] %cReporting we are watching 75978 0%" "color: black;" "color: green;" "color: black;" "color: blue;"", source: app://host/src/app/app.js (39)
[12938:1205/155352:INFO:CONSOLE(0)] "body.scrollLeft is deprecated in strict mode. Please use 'documentElement.scrollLeft' if in strict mode and 'body.scrollLeft' only if in quirks mode.", source:  (0)
[12938:1205/155352:INFO:CONSOLE(0)] "body.scrollTop is deprecated in strict mode. Please use 'documentElement.scrollTop' if in strict mode and 'body.scrollTop' only if in quirks mode.", source:  (0)
[12938:1205/160351:INFO:CONSOLE(39)] ""%c[%cDEBUG%c] %cReporting we are watching 75978 24%" "color: black;" "color: green;" "color: black;" "color: blue;"", source: app://host/src/app/app.js (39)
[12938:1205/161351:INFO:CONSOLE(39)] ""%c[%cDEBUG%c] %cReporting we are watching 75978 71%" "color: black;" "color: green;" "color: black;" "color: blue;"", source: app://host/src/app/app.js (39)
[12938:1205/162147:INFO:CONSOLE(44)] ""[%cINFO%c] Player closed" "color: blue;" "color: black;"", source: app://host/src/app/app.js (44)
[12938:1205/162147:INFO:CONSOLE(47)] "", source: app://host/src/app/lib/views/player/player.js (47)
[12938:1205/162147:INFO:CONSOLE(39)] ""%c[%cDEBUG%c] %cMark TV Show as watched" "color: black;" "color: green;" "color: black;" "color: blue;"", source: app://host/src/app/app.js (39)
[12938:1205/162147:INFO:CONSOLE(44)] ""[%cINFO%c] Streaming cancelled" "color: blue;" "color: black;"", source: app://host/src/app/app.js (44)
